-------------------------------------------------------------------------------
Test set: com.river.cl.ClassLoaderTest
-------------------------------------------------------------------------------
Tests run: 2, Failures: 0, Errors: 1, Skipped: 0, Time elapsed: 0.058 s <<< FAILURE! - in com.river.cl.ClassLoaderTest
test1(com.river.cl.ClassLoaderTest)  Time elapsed: 0.009 s  <<< ERROR!
java.lang.NoClassDefFoundError: Say (wrong name: com/river/cl/abc/Say)
	at com.river.cl.ClassLoaderTest.test1(ClassLoaderTest.java:29)

